[2025-02-15T21:31:15.052+0000] {processor.py:157} INFO - Started process (PID=382) to work on /opt/airflow/dags/Airflow DAG.py
[2025-02-15T21:31:15.053+0000] {processor.py:829} INFO - Processing file /opt/airflow/dags/Airflow DAG.py for tasks to queue
[2025-02-15T21:31:15.055+0000] {logging_mixin.py:154} INFO - [2025-02-15T21:31:15.054+0000] {dagbag.py:536} INFO - Filling up the DagBag from /opt/airflow/dags/Airflow DAG.py
[2025-02-15T21:31:15.064+0000] {logging_mixin.py:154} INFO - [2025-02-15T21:31:15.060+0000] {dagbag.py:346} ERROR - Failed to import: /opt/airflow/dags/Airflow DAG.py
Traceback (most recent call last):
  File "/home/airflow/.local/lib/python3.8/site-packages/airflow/models/dagbag.py", line 342, in parse
    loader.exec_module(new_module)
  File "<frozen importlib._bootstrap_external>", line 839, in exec_module
  File "<frozen importlib._bootstrap_external>", line 976, in get_code
  File "<frozen importlib._bootstrap_external>", line 906, in source_to_code
  File "<frozen importlib._bootstrap>", line 219, in _call_with_frames_removed
  File "/opt/airflow/dags/Airflow DAG.py", line 8
    'start_date': datetime(${YEAR}, ${MONTH}, ${DAY}),
                           ^
SyntaxError: invalid syntax
[2025-02-15T21:31:15.064+0000] {processor.py:841} WARNING - No viable dags retrieved from /opt/airflow/dags/Airflow DAG.py
[2025-02-15T21:31:15.113+0000] {processor.py:179} INFO - Processing /opt/airflow/dags/Airflow DAG.py took 0.073 seconds
[2025-02-15T21:31:45.518+0000] {processor.py:157} INFO - Started process (PID=403) to work on /opt/airflow/dags/Airflow DAG.py
[2025-02-15T21:31:45.520+0000] {processor.py:829} INFO - Processing file /opt/airflow/dags/Airflow DAG.py for tasks to queue
[2025-02-15T21:31:45.522+0000] {logging_mixin.py:154} INFO - [2025-02-15T21:31:45.521+0000] {dagbag.py:536} INFO - Filling up the DagBag from /opt/airflow/dags/Airflow DAG.py
[2025-02-15T21:31:45.529+0000] {logging_mixin.py:154} INFO - [2025-02-15T21:31:45.527+0000] {dagbag.py:346} ERROR - Failed to import: /opt/airflow/dags/Airflow DAG.py
Traceback (most recent call last):
  File "/home/airflow/.local/lib/python3.8/site-packages/airflow/models/dagbag.py", line 342, in parse
    loader.exec_module(new_module)
  File "<frozen importlib._bootstrap_external>", line 839, in exec_module
  File "<frozen importlib._bootstrap_external>", line 976, in get_code
  File "<frozen importlib._bootstrap_external>", line 906, in source_to_code
  File "<frozen importlib._bootstrap>", line 219, in _call_with_frames_removed
  File "/opt/airflow/dags/Airflow DAG.py", line 8
    'start_date': datetime(${YEAR}, ${MONTH}, ${DAY}),
                           ^
SyntaxError: invalid syntax
[2025-02-15T21:31:45.529+0000] {processor.py:841} WARNING - No viable dags retrieved from /opt/airflow/dags/Airflow DAG.py
[2025-02-15T21:31:45.555+0000] {processor.py:179} INFO - Processing /opt/airflow/dags/Airflow DAG.py took 0.044 seconds
[2025-02-15T21:32:08.898+0000] {processor.py:157} INFO - Started process (PID=424) to work on /opt/airflow/dags/Airflow DAG.py
[2025-02-15T21:32:08.900+0000] {processor.py:829} INFO - Processing file /opt/airflow/dags/Airflow DAG.py for tasks to queue
[2025-02-15T21:32:08.901+0000] {logging_mixin.py:154} INFO - [2025-02-15T21:32:08.901+0000] {dagbag.py:536} INFO - Filling up the DagBag from /opt/airflow/dags/Airflow DAG.py
[2025-02-15T21:32:08.913+0000] {logging_mixin.py:154} INFO - [2025-02-15T21:32:08.907+0000] {dagbag.py:346} ERROR - Failed to import: /opt/airflow/dags/Airflow DAG.py
Traceback (most recent call last):
  File "/home/airflow/.local/lib/python3.8/site-packages/airflow/models/dagbag.py", line 342, in parse
    loader.exec_module(new_module)
  File "<frozen importlib._bootstrap_external>", line 839, in exec_module
  File "<frozen importlib._bootstrap_external>", line 976, in get_code
  File "<frozen importlib._bootstrap_external>", line 906, in source_to_code
  File "<frozen importlib._bootstrap>", line 219, in _call_with_frames_removed
  File "/opt/airflow/dags/Airflow DAG.py", line 8
    'start_date': datetime(${YEAR}, ${MONTH}, ${DAY}),
                           ^
SyntaxError: invalid syntax
[2025-02-15T21:32:08.914+0000] {processor.py:841} WARNING - No viable dags retrieved from /opt/airflow/dags/Airflow DAG.py
[2025-02-15T21:32:08.967+0000] {processor.py:179} INFO - Processing /opt/airflow/dags/Airflow DAG.py took 0.075 seconds
[2025-02-15T21:32:39.352+0000] {processor.py:157} INFO - Started process (PID=453) to work on /opt/airflow/dags/Airflow DAG.py
[2025-02-15T21:32:39.354+0000] {processor.py:829} INFO - Processing file /opt/airflow/dags/Airflow DAG.py for tasks to queue
[2025-02-15T21:32:39.356+0000] {logging_mixin.py:154} INFO - [2025-02-15T21:32:39.356+0000] {dagbag.py:536} INFO - Filling up the DagBag from /opt/airflow/dags/Airflow DAG.py
[2025-02-15T21:32:39.366+0000] {logging_mixin.py:154} INFO - [2025-02-15T21:32:39.363+0000] {dagbag.py:346} ERROR - Failed to import: /opt/airflow/dags/Airflow DAG.py
Traceback (most recent call last):
  File "/home/airflow/.local/lib/python3.8/site-packages/airflow/models/dagbag.py", line 342, in parse
    loader.exec_module(new_module)
  File "<frozen importlib._bootstrap_external>", line 839, in exec_module
  File "<frozen importlib._bootstrap_external>", line 976, in get_code
  File "<frozen importlib._bootstrap_external>", line 906, in source_to_code
  File "<frozen importlib._bootstrap>", line 219, in _call_with_frames_removed
  File "/opt/airflow/dags/Airflow DAG.py", line 8
    'start_date': datetime(${YEAR}, ${MONTH}, ${DAY}),
                           ^
SyntaxError: invalid syntax
[2025-02-15T21:32:39.367+0000] {processor.py:841} WARNING - No viable dags retrieved from /opt/airflow/dags/Airflow DAG.py
[2025-02-15T21:32:39.395+0000] {processor.py:179} INFO - Processing /opt/airflow/dags/Airflow DAG.py took 0.049 seconds
[2025-02-15T21:33:09.866+0000] {processor.py:157} INFO - Started process (PID=482) to work on /opt/airflow/dags/Airflow DAG.py
[2025-02-15T21:33:09.868+0000] {processor.py:829} INFO - Processing file /opt/airflow/dags/Airflow DAG.py for tasks to queue
[2025-02-15T21:33:09.870+0000] {logging_mixin.py:154} INFO - [2025-02-15T21:33:09.869+0000] {dagbag.py:536} INFO - Filling up the DagBag from /opt/airflow/dags/Airflow DAG.py
[2025-02-15T21:33:09.880+0000] {logging_mixin.py:154} INFO - [2025-02-15T21:33:09.877+0000] {dagbag.py:346} ERROR - Failed to import: /opt/airflow/dags/Airflow DAG.py
Traceback (most recent call last):
  File "/home/airflow/.local/lib/python3.8/site-packages/airflow/models/dagbag.py", line 342, in parse
    loader.exec_module(new_module)
  File "<frozen importlib._bootstrap_external>", line 839, in exec_module
  File "<frozen importlib._bootstrap_external>", line 976, in get_code
  File "<frozen importlib._bootstrap_external>", line 906, in source_to_code
  File "<frozen importlib._bootstrap>", line 219, in _call_with_frames_removed
  File "/opt/airflow/dags/Airflow DAG.py", line 8
    'start_date': datetime(${YEAR}, ${MONTH}, ${DAY}),
                           ^
SyntaxError: invalid syntax
[2025-02-15T21:33:09.880+0000] {processor.py:841} WARNING - No viable dags retrieved from /opt/airflow/dags/Airflow DAG.py
[2025-02-15T21:33:09.926+0000] {processor.py:179} INFO - Processing /opt/airflow/dags/Airflow DAG.py took 0.066 seconds
[2025-02-15T21:33:40.304+0000] {processor.py:157} INFO - Started process (PID=503) to work on /opt/airflow/dags/Airflow DAG.py
[2025-02-15T21:33:40.305+0000] {processor.py:829} INFO - Processing file /opt/airflow/dags/Airflow DAG.py for tasks to queue
[2025-02-15T21:33:40.307+0000] {logging_mixin.py:154} INFO - [2025-02-15T21:33:40.306+0000] {dagbag.py:536} INFO - Filling up the DagBag from /opt/airflow/dags/Airflow DAG.py
[2025-02-15T21:33:40.314+0000] {logging_mixin.py:154} INFO - [2025-02-15T21:33:40.312+0000] {dagbag.py:346} ERROR - Failed to import: /opt/airflow/dags/Airflow DAG.py
Traceback (most recent call last):
  File "/home/airflow/.local/lib/python3.8/site-packages/airflow/models/dagbag.py", line 342, in parse
    loader.exec_module(new_module)
  File "<frozen importlib._bootstrap_external>", line 839, in exec_module
  File "<frozen importlib._bootstrap_external>", line 976, in get_code
  File "<frozen importlib._bootstrap_external>", line 906, in source_to_code
  File "<frozen importlib._bootstrap>", line 219, in _call_with_frames_removed
  File "/opt/airflow/dags/Airflow DAG.py", line 8
    'start_date': datetime(${YEAR}, ${MONTH}, ${DAY}),
                           ^
SyntaxError: invalid syntax
[2025-02-15T21:33:40.315+0000] {processor.py:841} WARNING - No viable dags retrieved from /opt/airflow/dags/Airflow DAG.py
[2025-02-15T21:33:40.333+0000] {processor.py:179} INFO - Processing /opt/airflow/dags/Airflow DAG.py took 0.032 seconds
[2025-02-15T21:36:11.418+0000] {processor.py:157} INFO - Started process (PID=166) to work on /opt/airflow/dags/Airflow DAG.py
[2025-02-15T21:36:11.420+0000] {processor.py:829} INFO - Processing file /opt/airflow/dags/Airflow DAG.py for tasks to queue
[2025-02-15T21:36:11.421+0000] {logging_mixin.py:154} INFO - [2025-02-15T21:36:11.421+0000] {dagbag.py:536} INFO - Filling up the DagBag from /opt/airflow/dags/Airflow DAG.py
[2025-02-15T21:36:11.430+0000] {logging_mixin.py:154} INFO - [2025-02-15T21:36:11.429+0000] {dagbag.py:346} ERROR - Failed to import: /opt/airflow/dags/Airflow DAG.py
Traceback (most recent call last):
  File "/home/airflow/.local/lib/python3.8/site-packages/airflow/models/dagbag.py", line 342, in parse
    loader.exec_module(new_module)
  File "<frozen importlib._bootstrap_external>", line 839, in exec_module
  File "<frozen importlib._bootstrap_external>", line 976, in get_code
  File "<frozen importlib._bootstrap_external>", line 906, in source_to_code
  File "<frozen importlib._bootstrap>", line 219, in _call_with_frames_removed
  File "/opt/airflow/dags/Airflow DAG.py", line 8
    'start_date': datetime(${YEAR}, ${MONTH}, ${DAY}),
                           ^
SyntaxError: invalid syntax
[2025-02-15T21:36:11.430+0000] {processor.py:841} WARNING - No viable dags retrieved from /opt/airflow/dags/Airflow DAG.py
[2025-02-15T21:36:11.449+0000] {processor.py:179} INFO - Processing /opt/airflow/dags/Airflow DAG.py took 0.034 seconds
[2025-02-15T21:36:41.806+0000] {processor.py:157} INFO - Started process (PID=196) to work on /opt/airflow/dags/Airflow DAG.py
[2025-02-15T21:36:41.807+0000] {processor.py:829} INFO - Processing file /opt/airflow/dags/Airflow DAG.py for tasks to queue
[2025-02-15T21:36:41.809+0000] {logging_mixin.py:154} INFO - [2025-02-15T21:36:41.808+0000] {dagbag.py:536} INFO - Filling up the DagBag from /opt/airflow/dags/Airflow DAG.py
[2025-02-15T21:36:41.816+0000] {logging_mixin.py:154} INFO - [2025-02-15T21:36:41.814+0000] {dagbag.py:346} ERROR - Failed to import: /opt/airflow/dags/Airflow DAG.py
Traceback (most recent call last):
  File "/home/airflow/.local/lib/python3.8/site-packages/airflow/models/dagbag.py", line 342, in parse
    loader.exec_module(new_module)
  File "<frozen importlib._bootstrap_external>", line 839, in exec_module
  File "<frozen importlib._bootstrap_external>", line 976, in get_code
  File "<frozen importlib._bootstrap_external>", line 906, in source_to_code
  File "<frozen importlib._bootstrap>", line 219, in _call_with_frames_removed
  File "/opt/airflow/dags/Airflow DAG.py", line 8
    'start_date': datetime(${YEAR}, ${MONTH}, ${DAY}),
                           ^
SyntaxError: invalid syntax
[2025-02-15T21:36:41.817+0000] {processor.py:841} WARNING - No viable dags retrieved from /opt/airflow/dags/Airflow DAG.py
[2025-02-15T21:36:41.840+0000] {processor.py:179} INFO - Processing /opt/airflow/dags/Airflow DAG.py took 0.040 seconds
[2025-02-15T21:37:12.230+0000] {processor.py:157} INFO - Started process (PID=225) to work on /opt/airflow/dags/Airflow DAG.py
[2025-02-15T21:37:12.231+0000] {processor.py:829} INFO - Processing file /opt/airflow/dags/Airflow DAG.py for tasks to queue
[2025-02-15T21:37:12.232+0000] {logging_mixin.py:154} INFO - [2025-02-15T21:37:12.231+0000] {dagbag.py:536} INFO - Filling up the DagBag from /opt/airflow/dags/Airflow DAG.py
[2025-02-15T21:37:12.243+0000] {logging_mixin.py:154} INFO - [2025-02-15T21:37:12.235+0000] {dagbag.py:346} ERROR - Failed to import: /opt/airflow/dags/Airflow DAG.py
Traceback (most recent call last):
  File "/home/airflow/.local/lib/python3.8/site-packages/airflow/models/dagbag.py", line 342, in parse
    loader.exec_module(new_module)
  File "<frozen importlib._bootstrap_external>", line 839, in exec_module
  File "<frozen importlib._bootstrap_external>", line 976, in get_code
  File "<frozen importlib._bootstrap_external>", line 906, in source_to_code
  File "<frozen importlib._bootstrap>", line 219, in _call_with_frames_removed
  File "/opt/airflow/dags/Airflow DAG.py", line 8
    'start_date': datetime(${YEAR}, ${MONTH}, ${DAY}),
                           ^
SyntaxError: invalid syntax
[2025-02-15T21:37:12.244+0000] {processor.py:841} WARNING - No viable dags retrieved from /opt/airflow/dags/Airflow DAG.py
[2025-02-15T21:37:12.263+0000] {processor.py:179} INFO - Processing /opt/airflow/dags/Airflow DAG.py took 0.037 seconds
[2025-02-15T21:37:41.694+0000] {processor.py:157} INFO - Started process (PID=246) to work on /opt/airflow/dags/Airflow DAG.py
[2025-02-15T21:37:41.695+0000] {processor.py:829} INFO - Processing file /opt/airflow/dags/Airflow DAG.py for tasks to queue
[2025-02-15T21:37:41.696+0000] {logging_mixin.py:154} INFO - [2025-02-15T21:37:41.696+0000] {dagbag.py:536} INFO - Filling up the DagBag from /opt/airflow/dags/Airflow DAG.py
[2025-02-15T21:37:41.724+0000] {processor.py:839} INFO - DAG(s) dict_keys(['my_first_dag']) retrieved from /opt/airflow/dags/Airflow DAG.py
[2025-02-15T21:37:41.900+0000] {logging_mixin.py:154} INFO - [2025-02-15T21:37:41.899+0000] {manager.py:499} INFO - Created Permission View: %s
[2025-02-15T21:37:41.905+0000] {logging_mixin.py:154} INFO - [2025-02-15T21:37:41.905+0000] {manager.py:499} INFO - Created Permission View: %s
[2025-02-15T21:37:41.908+0000] {logging_mixin.py:154} INFO - [2025-02-15T21:37:41.908+0000] {manager.py:499} INFO - Created Permission View: %s
[2025-02-15T21:37:41.909+0000] {logging_mixin.py:154} INFO - [2025-02-15T21:37:41.909+0000] {dag.py:2941} INFO - Sync 1 DAGs
[2025-02-15T21:37:41.915+0000] {logging_mixin.py:154} INFO - [2025-02-15T21:37:41.915+0000] {dag.py:2963} INFO - Creating ORM DAG for my_first_dag
[2025-02-15T21:37:41.921+0000] {logging_mixin.py:154} INFO - [2025-02-15T21:37:41.921+0000] {dag.py:3722} INFO - Setting next_dagrun for my_first_dag to 2024-02-15T00:00:00+00:00, run_after=2024-02-16T00:00:00+00:00
[2025-02-15T21:37:41.931+0000] {processor.py:179} INFO - Processing /opt/airflow/dags/Airflow DAG.py took 0.240 seconds
[2025-02-15T21:38:12.166+0000] {processor.py:157} INFO - Started process (PID=276) to work on /opt/airflow/dags/Airflow DAG.py
[2025-02-15T21:38:12.168+0000] {processor.py:829} INFO - Processing file /opt/airflow/dags/Airflow DAG.py for tasks to queue
[2025-02-15T21:38:12.170+0000] {logging_mixin.py:154} INFO - [2025-02-15T21:38:12.169+0000] {dagbag.py:536} INFO - Filling up the DagBag from /opt/airflow/dags/Airflow DAG.py
[2025-02-15T21:38:12.191+0000] {processor.py:839} INFO - DAG(s) dict_keys(['my_first_dag']) retrieved from /opt/airflow/dags/Airflow DAG.py
[2025-02-15T21:38:12.220+0000] {logging_mixin.py:154} INFO - [2025-02-15T21:38:12.220+0000] {dag.py:2941} INFO - Sync 1 DAGs
[2025-02-15T21:38:12.244+0000] {logging_mixin.py:154} INFO - [2025-02-15T21:38:12.244+0000] {dag.py:3722} INFO - Setting next_dagrun for my_first_dag to 2024-02-15T00:00:00+00:00, run_after=2024-02-16T00:00:00+00:00
[2025-02-15T21:38:12.256+0000] {processor.py:179} INFO - Processing /opt/airflow/dags/Airflow DAG.py took 0.098 seconds
[2025-02-15T21:38:42.637+0000] {processor.py:157} INFO - Started process (PID=297) to work on /opt/airflow/dags/Airflow DAG.py
[2025-02-15T21:38:42.639+0000] {processor.py:829} INFO - Processing file /opt/airflow/dags/Airflow DAG.py for tasks to queue
[2025-02-15T21:38:42.641+0000] {logging_mixin.py:154} INFO - [2025-02-15T21:38:42.640+0000] {dagbag.py:536} INFO - Filling up the DagBag from /opt/airflow/dags/Airflow DAG.py
[2025-02-15T21:38:42.667+0000] {processor.py:839} INFO - DAG(s) dict_keys(['my_first_dag']) retrieved from /opt/airflow/dags/Airflow DAG.py
[2025-02-15T21:38:42.696+0000] {logging_mixin.py:154} INFO - [2025-02-15T21:38:42.696+0000] {dag.py:2941} INFO - Sync 1 DAGs
[2025-02-15T21:38:42.712+0000] {logging_mixin.py:154} INFO - [2025-02-15T21:38:42.712+0000] {dag.py:3722} INFO - Setting next_dagrun for my_first_dag to 2024-02-15T00:00:00+00:00, run_after=2024-02-16T00:00:00+00:00
[2025-02-15T21:38:42.723+0000] {processor.py:179} INFO - Processing /opt/airflow/dags/Airflow DAG.py took 0.093 seconds
[2025-02-15T21:39:13.073+0000] {processor.py:157} INFO - Started process (PID=326) to work on /opt/airflow/dags/Airflow DAG.py
[2025-02-15T21:39:13.075+0000] {processor.py:829} INFO - Processing file /opt/airflow/dags/Airflow DAG.py for tasks to queue
[2025-02-15T21:39:13.077+0000] {logging_mixin.py:154} INFO - [2025-02-15T21:39:13.076+0000] {dagbag.py:536} INFO - Filling up the DagBag from /opt/airflow/dags/Airflow DAG.py
[2025-02-15T21:39:13.104+0000] {processor.py:839} INFO - DAG(s) dict_keys(['my_first_dag']) retrieved from /opt/airflow/dags/Airflow DAG.py
[2025-02-15T21:39:13.145+0000] {logging_mixin.py:154} INFO - [2025-02-15T21:39:13.144+0000] {dag.py:2941} INFO - Sync 1 DAGs
[2025-02-15T21:39:13.162+0000] {logging_mixin.py:154} INFO - [2025-02-15T21:39:13.162+0000] {dag.py:3722} INFO - Setting next_dagrun for my_first_dag to 2024-02-15T00:00:00+00:00, run_after=2024-02-16T00:00:00+00:00
[2025-02-15T21:39:13.173+0000] {processor.py:179} INFO - Processing /opt/airflow/dags/Airflow DAG.py took 0.109 seconds
[2025-02-15T21:39:43.527+0000] {processor.py:157} INFO - Started process (PID=355) to work on /opt/airflow/dags/Airflow DAG.py
[2025-02-15T21:39:43.529+0000] {processor.py:829} INFO - Processing file /opt/airflow/dags/Airflow DAG.py for tasks to queue
[2025-02-15T21:39:43.531+0000] {logging_mixin.py:154} INFO - [2025-02-15T21:39:43.530+0000] {dagbag.py:536} INFO - Filling up the DagBag from /opt/airflow/dags/Airflow DAG.py
[2025-02-15T21:39:43.554+0000] {processor.py:839} INFO - DAG(s) dict_keys(['my_first_dag']) retrieved from /opt/airflow/dags/Airflow DAG.py
[2025-02-15T21:39:43.581+0000] {logging_mixin.py:154} INFO - [2025-02-15T21:39:43.581+0000] {dag.py:2941} INFO - Sync 1 DAGs
[2025-02-15T21:39:43.595+0000] {logging_mixin.py:154} INFO - [2025-02-15T21:39:43.595+0000] {dag.py:3722} INFO - Setting next_dagrun for my_first_dag to 2024-02-15T00:00:00+00:00, run_after=2024-02-16T00:00:00+00:00
[2025-02-15T21:39:43.612+0000] {processor.py:179} INFO - Processing /opt/airflow/dags/Airflow DAG.py took 0.092 seconds
[2025-02-15T21:40:13.946+0000] {processor.py:157} INFO - Started process (PID=384) to work on /opt/airflow/dags/Airflow DAG.py
[2025-02-15T21:40:13.947+0000] {processor.py:829} INFO - Processing file /opt/airflow/dags/Airflow DAG.py for tasks to queue
[2025-02-15T21:40:13.948+0000] {logging_mixin.py:154} INFO - [2025-02-15T21:40:13.947+0000] {dagbag.py:536} INFO - Filling up the DagBag from /opt/airflow/dags/Airflow DAG.py
[2025-02-15T21:40:13.965+0000] {processor.py:839} INFO - DAG(s) dict_keys(['my_first_dag']) retrieved from /opt/airflow/dags/Airflow DAG.py
[2025-02-15T21:40:13.993+0000] {logging_mixin.py:154} INFO - [2025-02-15T21:40:13.992+0000] {dag.py:2941} INFO - Sync 1 DAGs
[2025-02-15T21:40:14.009+0000] {logging_mixin.py:154} INFO - [2025-02-15T21:40:14.008+0000] {dag.py:3722} INFO - Setting next_dagrun for my_first_dag to 2024-02-15T00:00:00+00:00, run_after=2024-02-16T00:00:00+00:00
[2025-02-15T21:40:14.018+0000] {processor.py:179} INFO - Processing /opt/airflow/dags/Airflow DAG.py took 0.078 seconds
[2025-02-15T21:40:44.361+0000] {processor.py:157} INFO - Started process (PID=405) to work on /opt/airflow/dags/Airflow DAG.py
[2025-02-15T21:40:44.364+0000] {processor.py:829} INFO - Processing file /opt/airflow/dags/Airflow DAG.py for tasks to queue
[2025-02-15T21:40:44.365+0000] {logging_mixin.py:154} INFO - [2025-02-15T21:40:44.364+0000] {dagbag.py:536} INFO - Filling up the DagBag from /opt/airflow/dags/Airflow DAG.py
[2025-02-15T21:40:44.388+0000] {processor.py:839} INFO - DAG(s) dict_keys(['my_first_dag']) retrieved from /opt/airflow/dags/Airflow DAG.py
[2025-02-15T21:40:44.422+0000] {logging_mixin.py:154} INFO - [2025-02-15T21:40:44.422+0000] {dag.py:2941} INFO - Sync 1 DAGs
[2025-02-15T21:40:44.439+0000] {logging_mixin.py:154} INFO - [2025-02-15T21:40:44.439+0000] {dag.py:3722} INFO - Setting next_dagrun for my_first_dag to 2024-02-15T00:00:00+00:00, run_after=2024-02-16T00:00:00+00:00
[2025-02-15T21:40:44.451+0000] {processor.py:179} INFO - Processing /opt/airflow/dags/Airflow DAG.py took 0.096 seconds
[2025-02-15T21:41:14.850+0000] {processor.py:157} INFO - Started process (PID=434) to work on /opt/airflow/dags/Airflow DAG.py
[2025-02-15T21:41:14.851+0000] {processor.py:829} INFO - Processing file /opt/airflow/dags/Airflow DAG.py for tasks to queue
[2025-02-15T21:41:14.853+0000] {logging_mixin.py:154} INFO - [2025-02-15T21:41:14.852+0000] {dagbag.py:536} INFO - Filling up the DagBag from /opt/airflow/dags/Airflow DAG.py
[2025-02-15T21:41:14.876+0000] {processor.py:839} INFO - DAG(s) dict_keys(['my_first_dag']) retrieved from /opt/airflow/dags/Airflow DAG.py
[2025-02-15T21:41:14.903+0000] {logging_mixin.py:154} INFO - [2025-02-15T21:41:14.902+0000] {dag.py:2941} INFO - Sync 1 DAGs
[2025-02-15T21:41:14.918+0000] {logging_mixin.py:154} INFO - [2025-02-15T21:41:14.918+0000] {dag.py:3722} INFO - Setting next_dagrun for my_first_dag to 2024-02-15T00:00:00+00:00, run_after=2024-02-16T00:00:00+00:00
[2025-02-15T21:41:14.929+0000] {processor.py:179} INFO - Processing /opt/airflow/dags/Airflow DAG.py took 0.085 seconds
[2025-02-15T21:41:45.276+0000] {processor.py:157} INFO - Started process (PID=463) to work on /opt/airflow/dags/Airflow DAG.py
[2025-02-15T21:41:45.278+0000] {processor.py:829} INFO - Processing file /opt/airflow/dags/Airflow DAG.py for tasks to queue
[2025-02-15T21:41:45.279+0000] {logging_mixin.py:154} INFO - [2025-02-15T21:41:45.279+0000] {dagbag.py:536} INFO - Filling up the DagBag from /opt/airflow/dags/Airflow DAG.py
[2025-02-15T21:41:45.307+0000] {processor.py:839} INFO - DAG(s) dict_keys(['my_first_dag']) retrieved from /opt/airflow/dags/Airflow DAG.py
[2025-02-15T21:41:45.334+0000] {logging_mixin.py:154} INFO - [2025-02-15T21:41:45.334+0000] {dag.py:2941} INFO - Sync 1 DAGs
[2025-02-15T21:41:45.348+0000] {logging_mixin.py:154} INFO - [2025-02-15T21:41:45.348+0000] {dag.py:3722} INFO - Setting next_dagrun for my_first_dag to 2024-02-15T00:00:00+00:00, run_after=2024-02-16T00:00:00+00:00
[2025-02-15T21:41:45.358+0000] {processor.py:179} INFO - Processing /opt/airflow/dags/Airflow DAG.py took 0.090 seconds
[2025-02-15T21:42:15.773+0000] {processor.py:157} INFO - Started process (PID=484) to work on /opt/airflow/dags/Airflow DAG.py
[2025-02-15T21:42:15.774+0000] {processor.py:829} INFO - Processing file /opt/airflow/dags/Airflow DAG.py for tasks to queue
[2025-02-15T21:42:15.775+0000] {logging_mixin.py:154} INFO - [2025-02-15T21:42:15.775+0000] {dagbag.py:536} INFO - Filling up the DagBag from /opt/airflow/dags/Airflow DAG.py
[2025-02-15T21:42:15.801+0000] {processor.py:839} INFO - DAG(s) dict_keys(['my_first_dag']) retrieved from /opt/airflow/dags/Airflow DAG.py
[2025-02-15T21:42:15.867+0000] {logging_mixin.py:154} INFO - [2025-02-15T21:42:15.867+0000] {dag.py:2941} INFO - Sync 1 DAGs
[2025-02-15T21:42:15.885+0000] {logging_mixin.py:154} INFO - [2025-02-15T21:42:15.884+0000] {dag.py:3722} INFO - Setting next_dagrun for my_first_dag to 2024-02-15T00:00:00+00:00, run_after=2024-02-16T00:00:00+00:00
[2025-02-15T21:42:15.897+0000] {processor.py:179} INFO - Processing /opt/airflow/dags/Airflow DAG.py took 0.131 seconds
[2025-02-15T21:42:46.172+0000] {processor.py:157} INFO - Started process (PID=513) to work on /opt/airflow/dags/Airflow DAG.py
[2025-02-15T21:42:46.173+0000] {processor.py:829} INFO - Processing file /opt/airflow/dags/Airflow DAG.py for tasks to queue
[2025-02-15T21:42:46.175+0000] {logging_mixin.py:154} INFO - [2025-02-15T21:42:46.174+0000] {dagbag.py:536} INFO - Filling up the DagBag from /opt/airflow/dags/Airflow DAG.py
[2025-02-15T21:42:46.207+0000] {processor.py:839} INFO - DAG(s) dict_keys(['my_first_dag']) retrieved from /opt/airflow/dags/Airflow DAG.py
[2025-02-15T21:42:46.248+0000] {logging_mixin.py:154} INFO - [2025-02-15T21:42:46.247+0000] {dag.py:2941} INFO - Sync 1 DAGs
[2025-02-15T21:42:46.265+0000] {logging_mixin.py:154} INFO - [2025-02-15T21:42:46.265+0000] {dag.py:3722} INFO - Setting next_dagrun for my_first_dag to 2024-02-15T00:00:00+00:00, run_after=2024-02-16T00:00:00+00:00
[2025-02-15T21:42:46.278+0000] {processor.py:179} INFO - Processing /opt/airflow/dags/Airflow DAG.py took 0.114 seconds
[2025-02-15T21:43:16.530+0000] {processor.py:157} INFO - Started process (PID=542) to work on /opt/airflow/dags/Airflow DAG.py
[2025-02-15T21:43:16.532+0000] {processor.py:829} INFO - Processing file /opt/airflow/dags/Airflow DAG.py for tasks to queue
[2025-02-15T21:43:16.533+0000] {logging_mixin.py:154} INFO - [2025-02-15T21:43:16.532+0000] {dagbag.py:536} INFO - Filling up the DagBag from /opt/airflow/dags/Airflow DAG.py
[2025-02-15T21:43:16.549+0000] {processor.py:839} INFO - DAG(s) dict_keys(['my_first_dag']) retrieved from /opt/airflow/dags/Airflow DAG.py
[2025-02-15T21:43:16.577+0000] {logging_mixin.py:154} INFO - [2025-02-15T21:43:16.576+0000] {dag.py:2941} INFO - Sync 1 DAGs
[2025-02-15T21:43:16.597+0000] {logging_mixin.py:154} INFO - [2025-02-15T21:43:16.597+0000] {dag.py:3722} INFO - Setting next_dagrun for my_first_dag to 2024-02-15T00:00:00+00:00, run_after=2024-02-16T00:00:00+00:00
[2025-02-15T21:43:16.610+0000] {processor.py:179} INFO - Processing /opt/airflow/dags/Airflow DAG.py took 0.083 seconds
[2025-02-15T21:43:46.903+0000] {processor.py:157} INFO - Started process (PID=563) to work on /opt/airflow/dags/Airflow DAG.py
[2025-02-15T21:43:46.905+0000] {processor.py:829} INFO - Processing file /opt/airflow/dags/Airflow DAG.py for tasks to queue
[2025-02-15T21:43:46.907+0000] {logging_mixin.py:154} INFO - [2025-02-15T21:43:46.906+0000] {dagbag.py:536} INFO - Filling up the DagBag from /opt/airflow/dags/Airflow DAG.py
[2025-02-15T21:43:46.930+0000] {processor.py:839} INFO - DAG(s) dict_keys(['my_first_dag']) retrieved from /opt/airflow/dags/Airflow DAG.py
[2025-02-15T21:43:46.951+0000] {logging_mixin.py:154} INFO - [2025-02-15T21:43:46.951+0000] {dag.py:2941} INFO - Sync 1 DAGs
[2025-02-15T21:43:46.966+0000] {logging_mixin.py:154} INFO - [2025-02-15T21:43:46.966+0000] {dag.py:3722} INFO - Setting next_dagrun for my_first_dag to 2024-02-15T00:00:00+00:00, run_after=2024-02-16T00:00:00+00:00
[2025-02-15T21:43:46.976+0000] {processor.py:179} INFO - Processing /opt/airflow/dags/Airflow DAG.py took 0.080 seconds
[2025-02-15T21:44:17.391+0000] {processor.py:157} INFO - Started process (PID=592) to work on /opt/airflow/dags/Airflow DAG.py
[2025-02-15T21:44:17.392+0000] {processor.py:829} INFO - Processing file /opt/airflow/dags/Airflow DAG.py for tasks to queue
[2025-02-15T21:44:17.393+0000] {logging_mixin.py:154} INFO - [2025-02-15T21:44:17.393+0000] {dagbag.py:536} INFO - Filling up the DagBag from /opt/airflow/dags/Airflow DAG.py
[2025-02-15T21:44:17.411+0000] {processor.py:839} INFO - DAG(s) dict_keys(['my_first_dag']) retrieved from /opt/airflow/dags/Airflow DAG.py
[2025-02-15T21:44:17.437+0000] {logging_mixin.py:154} INFO - [2025-02-15T21:44:17.437+0000] {dag.py:2941} INFO - Sync 1 DAGs
[2025-02-15T21:44:17.464+0000] {logging_mixin.py:154} INFO - [2025-02-15T21:44:17.464+0000] {dag.py:3722} INFO - Setting next_dagrun for my_first_dag to 2024-02-15T00:00:00+00:00, run_after=2024-02-16T00:00:00+00:00
[2025-02-15T21:44:17.479+0000] {processor.py:179} INFO - Processing /opt/airflow/dags/Airflow DAG.py took 0.091 seconds
[2025-02-15T21:44:47.808+0000] {processor.py:157} INFO - Started process (PID=621) to work on /opt/airflow/dags/Airflow DAG.py
[2025-02-15T21:44:47.809+0000] {processor.py:829} INFO - Processing file /opt/airflow/dags/Airflow DAG.py for tasks to queue
[2025-02-15T21:44:47.810+0000] {logging_mixin.py:154} INFO - [2025-02-15T21:44:47.810+0000] {dagbag.py:536} INFO - Filling up the DagBag from /opt/airflow/dags/Airflow DAG.py
[2025-02-15T21:44:47.826+0000] {processor.py:839} INFO - DAG(s) dict_keys(['my_first_dag']) retrieved from /opt/airflow/dags/Airflow DAG.py
[2025-02-15T21:44:47.855+0000] {logging_mixin.py:154} INFO - [2025-02-15T21:44:47.855+0000] {dag.py:2941} INFO - Sync 1 DAGs
[2025-02-15T21:44:47.879+0000] {logging_mixin.py:154} INFO - [2025-02-15T21:44:47.879+0000] {dag.py:3722} INFO - Setting next_dagrun for my_first_dag to 2024-02-15T00:00:00+00:00, run_after=2024-02-16T00:00:00+00:00
[2025-02-15T21:44:47.894+0000] {processor.py:179} INFO - Processing /opt/airflow/dags/Airflow DAG.py took 0.092 seconds
[2025-02-15T21:45:18.335+0000] {processor.py:157} INFO - Started process (PID=649) to work on /opt/airflow/dags/Airflow DAG.py
[2025-02-15T21:45:18.336+0000] {processor.py:829} INFO - Processing file /opt/airflow/dags/Airflow DAG.py for tasks to queue
[2025-02-15T21:45:18.337+0000] {logging_mixin.py:154} INFO - [2025-02-15T21:45:18.337+0000] {dagbag.py:536} INFO - Filling up the DagBag from /opt/airflow/dags/Airflow DAG.py
[2025-02-15T21:45:18.367+0000] {processor.py:839} INFO - DAG(s) dict_keys(['my_first_dag']) retrieved from /opt/airflow/dags/Airflow DAG.py
[2025-02-15T21:45:18.393+0000] {logging_mixin.py:154} INFO - [2025-02-15T21:45:18.393+0000] {dag.py:2941} INFO - Sync 1 DAGs
[2025-02-15T21:45:18.409+0000] {logging_mixin.py:154} INFO - [2025-02-15T21:45:18.408+0000] {dag.py:3722} INFO - Setting next_dagrun for my_first_dag to 2024-02-15T00:00:00+00:00, run_after=2024-02-16T00:00:00+00:00
[2025-02-15T21:45:18.419+0000] {processor.py:179} INFO - Processing /opt/airflow/dags/Airflow DAG.py took 0.089 seconds
[2025-02-15T21:45:48.713+0000] {processor.py:157} INFO - Started process (PID=671) to work on /opt/airflow/dags/Airflow DAG.py
[2025-02-15T21:45:48.714+0000] {processor.py:829} INFO - Processing file /opt/airflow/dags/Airflow DAG.py for tasks to queue
[2025-02-15T21:45:48.714+0000] {logging_mixin.py:154} INFO - [2025-02-15T21:45:48.714+0000] {dagbag.py:536} INFO - Filling up the DagBag from /opt/airflow/dags/Airflow DAG.py
[2025-02-15T21:45:48.723+0000] {processor.py:839} INFO - DAG(s) dict_keys(['my_first_dag']) retrieved from /opt/airflow/dags/Airflow DAG.py
[2025-02-15T21:45:48.739+0000] {logging_mixin.py:154} INFO - [2025-02-15T21:45:48.738+0000] {dag.py:2941} INFO - Sync 1 DAGs
[2025-02-15T21:45:48.750+0000] {logging_mixin.py:154} INFO - [2025-02-15T21:45:48.750+0000] {dag.py:3722} INFO - Setting next_dagrun for my_first_dag to 2024-02-15T00:00:00+00:00, run_after=2024-02-16T00:00:00+00:00
[2025-02-15T21:45:48.758+0000] {processor.py:179} INFO - Processing /opt/airflow/dags/Airflow DAG.py took 0.048 seconds
[2025-02-15T21:46:19.257+0000] {processor.py:157} INFO - Started process (PID=700) to work on /opt/airflow/dags/Airflow DAG.py
[2025-02-15T21:46:19.259+0000] {processor.py:829} INFO - Processing file /opt/airflow/dags/Airflow DAG.py for tasks to queue
[2025-02-15T21:46:19.263+0000] {logging_mixin.py:154} INFO - [2025-02-15T21:46:19.261+0000] {dagbag.py:536} INFO - Filling up the DagBag from /opt/airflow/dags/Airflow DAG.py
[2025-02-15T21:46:19.305+0000] {processor.py:839} INFO - DAG(s) dict_keys(['my_first_dag']) retrieved from /opt/airflow/dags/Airflow DAG.py
[2025-02-15T21:46:19.329+0000] {logging_mixin.py:154} INFO - [2025-02-15T21:46:19.329+0000] {dag.py:2941} INFO - Sync 1 DAGs
[2025-02-15T21:46:19.342+0000] {logging_mixin.py:154} INFO - [2025-02-15T21:46:19.342+0000] {dag.py:3722} INFO - Setting next_dagrun for my_first_dag to 2024-02-15T00:00:00+00:00, run_after=2024-02-16T00:00:00+00:00
[2025-02-15T21:46:19.350+0000] {processor.py:179} INFO - Processing /opt/airflow/dags/Airflow DAG.py took 0.104 seconds
[2025-02-15T21:46:49.694+0000] {processor.py:157} INFO - Started process (PID=729) to work on /opt/airflow/dags/Airflow DAG.py
[2025-02-15T21:46:49.696+0000] {processor.py:829} INFO - Processing file /opt/airflow/dags/Airflow DAG.py for tasks to queue
[2025-02-15T21:46:49.698+0000] {logging_mixin.py:154} INFO - [2025-02-15T21:46:49.697+0000] {dagbag.py:536} INFO - Filling up the DagBag from /opt/airflow/dags/Airflow DAG.py
[2025-02-15T21:46:49.719+0000] {processor.py:839} INFO - DAG(s) dict_keys(['my_first_dag']) retrieved from /opt/airflow/dags/Airflow DAG.py
[2025-02-15T21:46:49.746+0000] {logging_mixin.py:154} INFO - [2025-02-15T21:46:49.746+0000] {dag.py:2941} INFO - Sync 1 DAGs
[2025-02-15T21:46:49.760+0000] {logging_mixin.py:154} INFO - [2025-02-15T21:46:49.760+0000] {dag.py:3722} INFO - Setting next_dagrun for my_first_dag to 2024-02-15T00:00:00+00:00, run_after=2024-02-16T00:00:00+00:00
[2025-02-15T21:46:49.770+0000] {processor.py:179} INFO - Processing /opt/airflow/dags/Airflow DAG.py took 0.082 seconds
[2025-02-15T21:47:20.200+0000] {processor.py:157} INFO - Started process (PID=750) to work on /opt/airflow/dags/Airflow DAG.py
[2025-02-15T21:47:20.202+0000] {processor.py:829} INFO - Processing file /opt/airflow/dags/Airflow DAG.py for tasks to queue
[2025-02-15T21:47:20.203+0000] {logging_mixin.py:154} INFO - [2025-02-15T21:47:20.203+0000] {dagbag.py:536} INFO - Filling up the DagBag from /opt/airflow/dags/Airflow DAG.py
[2025-02-15T21:47:20.223+0000] {processor.py:839} INFO - DAG(s) dict_keys(['my_first_dag']) retrieved from /opt/airflow/dags/Airflow DAG.py
[2025-02-15T21:47:20.338+0000] {logging_mixin.py:154} INFO - [2025-02-15T21:47:20.336+0000] {dag.py:2941} INFO - Sync 1 DAGs
[2025-02-15T21:47:22.613+0000] {logging_mixin.py:154} INFO - [2025-02-15T21:47:22.607+0000] {dag.py:3722} INFO - Setting next_dagrun for my_first_dag to 2024-02-15T00:00:00+00:00, run_after=2024-02-16T00:00:00+00:00
[2025-02-15T21:47:23.209+0000] {processor.py:179} INFO - Processing /opt/airflow/dags/Airflow DAG.py took 3.017 seconds
[2025-02-15T21:47:53.651+0000] {processor.py:157} INFO - Started process (PID=779) to work on /opt/airflow/dags/Airflow DAG.py
[2025-02-15T21:47:53.653+0000] {processor.py:829} INFO - Processing file /opt/airflow/dags/Airflow DAG.py for tasks to queue
[2025-02-15T21:47:53.655+0000] {logging_mixin.py:154} INFO - [2025-02-15T21:47:53.654+0000] {dagbag.py:536} INFO - Filling up the DagBag from /opt/airflow/dags/Airflow DAG.py
[2025-02-15T21:47:53.704+0000] {processor.py:839} INFO - DAG(s) dict_keys(['my_first_dag']) retrieved from /opt/airflow/dags/Airflow DAG.py
[2025-02-15T21:47:53.757+0000] {logging_mixin.py:154} INFO - [2025-02-15T21:47:53.757+0000] {dag.py:2941} INFO - Sync 1 DAGs
[2025-02-15T21:47:53.789+0000] {logging_mixin.py:154} INFO - [2025-02-15T21:47:53.788+0000] {dag.py:3722} INFO - Setting next_dagrun for my_first_dag to 2024-02-15T00:00:00+00:00, run_after=2024-02-16T00:00:00+00:00
[2025-02-15T21:47:53.800+0000] {processor.py:179} INFO - Processing /opt/airflow/dags/Airflow DAG.py took 0.157 seconds
[2025-02-15T22:04:25.785+0000] {processor.py:157} INFO - Started process (PID=792) to work on /opt/airflow/dags/Airflow DAG.py
[2025-02-15T22:04:25.791+0000] {processor.py:829} INFO - Processing file /opt/airflow/dags/Airflow DAG.py for tasks to queue
[2025-02-15T22:04:25.797+0000] {logging_mixin.py:154} INFO - [2025-02-15T22:04:25.794+0000] {dagbag.py:536} INFO - Filling up the DagBag from /opt/airflow/dags/Airflow DAG.py
[2025-02-15T22:04:25.839+0000] {processor.py:839} INFO - DAG(s) dict_keys(['my_first_dag']) retrieved from /opt/airflow/dags/Airflow DAG.py
[2025-02-15T22:04:25.879+0000] {logging_mixin.py:154} INFO - [2025-02-15T22:04:25.879+0000] {dag.py:2941} INFO - Sync 1 DAGs
[2025-02-15T22:04:25.908+0000] {logging_mixin.py:154} INFO - [2025-02-15T22:04:25.908+0000] {dag.py:3722} INFO - Setting next_dagrun for my_first_dag to 2024-02-15T00:00:00+00:00, run_after=2024-02-16T00:00:00+00:00
[2025-02-15T22:04:25.923+0000] {processor.py:179} INFO - Processing /opt/airflow/dags/Airflow DAG.py took 0.145 seconds
[2025-02-15T22:04:56.277+0000] {processor.py:157} INFO - Started process (PID=823) to work on /opt/airflow/dags/Airflow DAG.py
[2025-02-15T22:04:56.279+0000] {processor.py:829} INFO - Processing file /opt/airflow/dags/Airflow DAG.py for tasks to queue
[2025-02-15T22:04:56.280+0000] {logging_mixin.py:154} INFO - [2025-02-15T22:04:56.280+0000] {dagbag.py:536} INFO - Filling up the DagBag from /opt/airflow/dags/Airflow DAG.py
[2025-02-15T22:04:56.296+0000] {processor.py:839} INFO - DAG(s) dict_keys(['my_first_dag']) retrieved from /opt/airflow/dags/Airflow DAG.py
[2025-02-15T22:04:56.315+0000] {logging_mixin.py:154} INFO - [2025-02-15T22:04:56.314+0000] {dag.py:2941} INFO - Sync 1 DAGs
[2025-02-15T22:04:56.328+0000] {logging_mixin.py:154} INFO - [2025-02-15T22:04:56.328+0000] {dag.py:3722} INFO - Setting next_dagrun for my_first_dag to 2024-02-15T00:00:00+00:00, run_after=2024-02-16T00:00:00+00:00
[2025-02-15T22:04:56.338+0000] {processor.py:179} INFO - Processing /opt/airflow/dags/Airflow DAG.py took 0.069 seconds
[2025-02-15T22:05:26.892+0000] {processor.py:157} INFO - Started process (PID=851) to work on /opt/airflow/dags/Airflow DAG.py
[2025-02-15T22:05:26.893+0000] {processor.py:829} INFO - Processing file /opt/airflow/dags/Airflow DAG.py for tasks to queue
[2025-02-15T22:05:26.894+0000] {logging_mixin.py:154} INFO - [2025-02-15T22:05:26.893+0000] {dagbag.py:536} INFO - Filling up the DagBag from /opt/airflow/dags/Airflow DAG.py
[2025-02-15T22:05:26.905+0000] {processor.py:839} INFO - DAG(s) dict_keys(['my_first_dag']) retrieved from /opt/airflow/dags/Airflow DAG.py
[2025-02-15T22:05:26.925+0000] {logging_mixin.py:154} INFO - [2025-02-15T22:05:26.925+0000] {dag.py:2941} INFO - Sync 1 DAGs
[2025-02-15T22:05:26.940+0000] {logging_mixin.py:154} INFO - [2025-02-15T22:05:26.939+0000] {dag.py:3722} INFO - Setting next_dagrun for my_first_dag to 2024-02-15T00:00:00+00:00, run_after=2024-02-16T00:00:00+00:00
[2025-02-15T22:05:26.951+0000] {processor.py:179} INFO - Processing /opt/airflow/dags/Airflow DAG.py took 0.061 seconds
[2025-02-15T22:05:57.437+0000] {processor.py:157} INFO - Started process (PID=872) to work on /opt/airflow/dags/Airflow DAG.py
[2025-02-15T22:05:57.439+0000] {processor.py:829} INFO - Processing file /opt/airflow/dags/Airflow DAG.py for tasks to queue
[2025-02-15T22:05:57.440+0000] {logging_mixin.py:154} INFO - [2025-02-15T22:05:57.439+0000] {dagbag.py:536} INFO - Filling up the DagBag from /opt/airflow/dags/Airflow DAG.py
[2025-02-15T22:05:57.473+0000] {processor.py:839} INFO - DAG(s) dict_keys(['my_first_dag']) retrieved from /opt/airflow/dags/Airflow DAG.py
[2025-02-15T22:05:57.504+0000] {logging_mixin.py:154} INFO - [2025-02-15T22:05:57.504+0000] {dag.py:2941} INFO - Sync 1 DAGs
[2025-02-15T22:05:57.517+0000] {logging_mixin.py:154} INFO - [2025-02-15T22:05:57.517+0000] {dag.py:3722} INFO - Setting next_dagrun for my_first_dag to 2024-02-15T00:00:00+00:00, run_after=2024-02-16T00:00:00+00:00
[2025-02-15T22:05:57.528+0000] {processor.py:179} INFO - Processing /opt/airflow/dags/Airflow DAG.py took 0.097 seconds
[2025-02-15T22:06:27.942+0000] {processor.py:157} INFO - Started process (PID=901) to work on /opt/airflow/dags/Airflow DAG.py
[2025-02-15T22:06:27.945+0000] {processor.py:829} INFO - Processing file /opt/airflow/dags/Airflow DAG.py for tasks to queue
[2025-02-15T22:06:27.948+0000] {logging_mixin.py:154} INFO - [2025-02-15T22:06:27.947+0000] {dagbag.py:536} INFO - Filling up the DagBag from /opt/airflow/dags/Airflow DAG.py
[2025-02-15T22:06:27.975+0000] {processor.py:839} INFO - DAG(s) dict_keys(['my_first_dag']) retrieved from /opt/airflow/dags/Airflow DAG.py
[2025-02-15T22:06:28.005+0000] {logging_mixin.py:154} INFO - [2025-02-15T22:06:28.005+0000] {dag.py:2941} INFO - Sync 1 DAGs
[2025-02-15T22:06:28.019+0000] {logging_mixin.py:154} INFO - [2025-02-15T22:06:28.019+0000] {dag.py:3722} INFO - Setting next_dagrun for my_first_dag to 2024-02-15T00:00:00+00:00, run_after=2024-02-16T00:00:00+00:00
[2025-02-15T22:06:28.028+0000] {processor.py:179} INFO - Processing /opt/airflow/dags/Airflow DAG.py took 0.097 seconds
[2025-02-15T22:06:58.515+0000] {processor.py:157} INFO - Started process (PID=930) to work on /opt/airflow/dags/Airflow DAG.py
[2025-02-15T22:06:58.516+0000] {processor.py:829} INFO - Processing file /opt/airflow/dags/Airflow DAG.py for tasks to queue
[2025-02-15T22:06:58.518+0000] {logging_mixin.py:154} INFO - [2025-02-15T22:06:58.517+0000] {dagbag.py:536} INFO - Filling up the DagBag from /opt/airflow/dags/Airflow DAG.py
[2025-02-15T22:06:58.537+0000] {processor.py:839} INFO - DAG(s) dict_keys(['my_first_dag']) retrieved from /opt/airflow/dags/Airflow DAG.py
[2025-02-15T22:06:58.564+0000] {logging_mixin.py:154} INFO - [2025-02-15T22:06:58.564+0000] {dag.py:2941} INFO - Sync 1 DAGs
[2025-02-15T22:06:58.577+0000] {logging_mixin.py:154} INFO - [2025-02-15T22:06:58.577+0000] {dag.py:3722} INFO - Setting next_dagrun for my_first_dag to 2024-02-15T00:00:00+00:00, run_after=2024-02-16T00:00:00+00:00
[2025-02-15T22:06:58.586+0000] {processor.py:179} INFO - Processing /opt/airflow/dags/Airflow DAG.py took 0.077 seconds
[2025-02-15T22:07:28.978+0000] {processor.py:157} INFO - Started process (PID=951) to work on /opt/airflow/dags/Airflow DAG.py
[2025-02-15T22:07:28.979+0000] {processor.py:829} INFO - Processing file /opt/airflow/dags/Airflow DAG.py for tasks to queue
[2025-02-15T22:07:28.980+0000] {logging_mixin.py:154} INFO - [2025-02-15T22:07:28.980+0000] {dagbag.py:536} INFO - Filling up the DagBag from /opt/airflow/dags/Airflow DAG.py
[2025-02-15T22:07:28.997+0000] {processor.py:839} INFO - DAG(s) dict_keys(['my_first_dag']) retrieved from /opt/airflow/dags/Airflow DAG.py
[2025-02-15T22:07:29.034+0000] {logging_mixin.py:154} INFO - [2025-02-15T22:07:29.034+0000] {dag.py:2941} INFO - Sync 1 DAGs
[2025-02-15T22:07:29.052+0000] {logging_mixin.py:154} INFO - [2025-02-15T22:07:29.052+0000] {dag.py:3722} INFO - Setting next_dagrun for my_first_dag to 2024-02-15T00:00:00+00:00, run_after=2024-02-16T00:00:00+00:00
[2025-02-15T22:07:29.063+0000] {processor.py:179} INFO - Processing /opt/airflow/dags/Airflow DAG.py took 0.089 seconds
[2025-02-15T22:43:05.274+0000] {processor.py:157} INFO - Started process (PID=982) to work on /opt/airflow/dags/Airflow DAG.py
[2025-02-15T22:43:05.276+0000] {processor.py:829} INFO - Processing file /opt/airflow/dags/Airflow DAG.py for tasks to queue
[2025-02-15T22:43:05.277+0000] {logging_mixin.py:154} INFO - [2025-02-15T22:43:05.276+0000] {dagbag.py:536} INFO - Filling up the DagBag from /opt/airflow/dags/Airflow DAG.py
[2025-02-15T22:43:05.306+0000] {processor.py:839} INFO - DAG(s) dict_keys(['my_first_dag']) retrieved from /opt/airflow/dags/Airflow DAG.py
[2025-02-15T22:43:05.364+0000] {logging_mixin.py:154} INFO - [2025-02-15T22:43:05.363+0000] {dag.py:2941} INFO - Sync 1 DAGs
[2025-02-15T22:43:05.403+0000] {logging_mixin.py:154} INFO - [2025-02-15T22:43:05.403+0000] {dag.py:3722} INFO - Setting next_dagrun for my_first_dag to 2024-02-15T00:00:00+00:00, run_after=2024-02-16T00:00:00+00:00
[2025-02-15T22:43:05.420+0000] {processor.py:179} INFO - Processing /opt/airflow/dags/Airflow DAG.py took 0.151 seconds
[2025-02-15T23:27:06.407+0000] {processor.py:157} INFO - Started process (PID=1004) to work on /opt/airflow/dags/Airflow DAG.py
[2025-02-15T23:27:06.408+0000] {processor.py:829} INFO - Processing file /opt/airflow/dags/Airflow DAG.py for tasks to queue
[2025-02-15T23:27:06.409+0000] {logging_mixin.py:154} INFO - [2025-02-15T23:27:06.408+0000] {dagbag.py:536} INFO - Filling up the DagBag from /opt/airflow/dags/Airflow DAG.py
[2025-02-15T23:27:06.426+0000] {processor.py:839} INFO - DAG(s) dict_keys(['my_first_dag']) retrieved from /opt/airflow/dags/Airflow DAG.py
[2025-02-15T23:27:06.452+0000] {logging_mixin.py:154} INFO - [2025-02-15T23:27:06.452+0000] {dag.py:2941} INFO - Sync 1 DAGs
[2025-02-15T23:27:06.468+0000] {logging_mixin.py:154} INFO - [2025-02-15T23:27:06.468+0000] {dag.py:3722} INFO - Setting next_dagrun for my_first_dag to 2024-02-15T00:00:00+00:00, run_after=2024-02-16T00:00:00+00:00
[2025-02-15T23:27:06.482+0000] {processor.py:179} INFO - Processing /opt/airflow/dags/Airflow DAG.py took 0.091 seconds
[2025-02-15T23:48:59.301+0000] {processor.py:157} INFO - Started process (PID=1033) to work on /opt/airflow/dags/Airflow DAG.py
[2025-02-15T23:48:59.302+0000] {processor.py:829} INFO - Processing file /opt/airflow/dags/Airflow DAG.py for tasks to queue
[2025-02-15T23:48:59.303+0000] {logging_mixin.py:154} INFO - [2025-02-15T23:48:59.303+0000] {dagbag.py:536} INFO - Filling up the DagBag from /opt/airflow/dags/Airflow DAG.py
[2025-02-15T23:48:59.331+0000] {processor.py:839} INFO - DAG(s) dict_keys(['my_first_dag']) retrieved from /opt/airflow/dags/Airflow DAG.py
[2025-02-15T23:48:59.370+0000] {logging_mixin.py:154} INFO - [2025-02-15T23:48:59.370+0000] {dag.py:2941} INFO - Sync 1 DAGs
[2025-02-15T23:48:59.404+0000] {logging_mixin.py:154} INFO - [2025-02-15T23:48:59.404+0000] {dag.py:3722} INFO - Setting next_dagrun for my_first_dag to 2024-02-15T00:00:00+00:00, run_after=2024-02-16T00:00:00+00:00
[2025-02-15T23:48:59.424+0000] {processor.py:179} INFO - Processing /opt/airflow/dags/Airflow DAG.py took 0.134 seconds
[2025-02-15T23:49:29.770+0000] {processor.py:157} INFO - Started process (PID=1062) to work on /opt/airflow/dags/Airflow DAG.py
[2025-02-15T23:49:29.772+0000] {processor.py:829} INFO - Processing file /opt/airflow/dags/Airflow DAG.py for tasks to queue
[2025-02-15T23:49:29.773+0000] {logging_mixin.py:154} INFO - [2025-02-15T23:49:29.772+0000] {dagbag.py:536} INFO - Filling up the DagBag from /opt/airflow/dags/Airflow DAG.py
[2025-02-15T23:49:29.804+0000] {processor.py:839} INFO - DAG(s) dict_keys(['my_first_dag']) retrieved from /opt/airflow/dags/Airflow DAG.py
[2025-02-15T23:49:29.849+0000] {logging_mixin.py:154} INFO - [2025-02-15T23:49:29.849+0000] {dag.py:2941} INFO - Sync 1 DAGs
[2025-02-15T23:49:29.865+0000] {logging_mixin.py:154} INFO - [2025-02-15T23:49:29.864+0000] {dag.py:3722} INFO - Setting next_dagrun for my_first_dag to 2024-02-15T00:00:00+00:00, run_after=2024-02-16T00:00:00+00:00
[2025-02-15T23:49:29.875+0000] {processor.py:179} INFO - Processing /opt/airflow/dags/Airflow DAG.py took 0.114 seconds
[2025-02-15T23:50:00.343+0000] {processor.py:157} INFO - Started process (PID=1083) to work on /opt/airflow/dags/Airflow DAG.py
[2025-02-15T23:50:00.344+0000] {processor.py:829} INFO - Processing file /opt/airflow/dags/Airflow DAG.py for tasks to queue
[2025-02-15T23:50:00.346+0000] {logging_mixin.py:154} INFO - [2025-02-15T23:50:00.345+0000] {dagbag.py:536} INFO - Filling up the DagBag from /opt/airflow/dags/Airflow DAG.py
[2025-02-15T23:50:00.369+0000] {processor.py:839} INFO - DAG(s) dict_keys(['my_first_dag']) retrieved from /opt/airflow/dags/Airflow DAG.py
[2025-02-15T23:50:00.409+0000] {logging_mixin.py:154} INFO - [2025-02-15T23:50:00.409+0000] {dag.py:2941} INFO - Sync 1 DAGs
[2025-02-15T23:50:00.427+0000] {logging_mixin.py:154} INFO - [2025-02-15T23:50:00.427+0000] {dag.py:3722} INFO - Setting next_dagrun for my_first_dag to 2024-02-15T00:00:00+00:00, run_after=2024-02-16T00:00:00+00:00
[2025-02-15T23:50:00.438+0000] {processor.py:179} INFO - Processing /opt/airflow/dags/Airflow DAG.py took 0.102 seconds
[2025-02-15T23:50:30.803+0000] {processor.py:157} INFO - Started process (PID=1112) to work on /opt/airflow/dags/Airflow DAG.py
[2025-02-15T23:50:30.805+0000] {processor.py:829} INFO - Processing file /opt/airflow/dags/Airflow DAG.py for tasks to queue
[2025-02-15T23:50:30.806+0000] {logging_mixin.py:154} INFO - [2025-02-15T23:50:30.805+0000] {dagbag.py:536} INFO - Filling up the DagBag from /opt/airflow/dags/Airflow DAG.py
[2025-02-15T23:50:30.854+0000] {processor.py:839} INFO - DAG(s) dict_keys(['my_first_dag']) retrieved from /opt/airflow/dags/Airflow DAG.py
[2025-02-15T23:50:30.884+0000] {logging_mixin.py:154} INFO - [2025-02-15T23:50:30.884+0000] {dag.py:2941} INFO - Sync 1 DAGs
[2025-02-15T23:50:30.915+0000] {logging_mixin.py:154} INFO - [2025-02-15T23:50:30.914+0000] {dag.py:3722} INFO - Setting next_dagrun for my_first_dag to 2024-02-15T00:00:00+00:00, run_after=2024-02-16T00:00:00+00:00
[2025-02-15T23:50:30.927+0000] {processor.py:179} INFO - Processing /opt/airflow/dags/Airflow DAG.py took 0.133 seconds
[2025-02-15T23:51:01.316+0000] {processor.py:157} INFO - Started process (PID=1141) to work on /opt/airflow/dags/Airflow DAG.py
[2025-02-15T23:51:01.317+0000] {processor.py:829} INFO - Processing file /opt/airflow/dags/Airflow DAG.py for tasks to queue
[2025-02-15T23:51:01.319+0000] {logging_mixin.py:154} INFO - [2025-02-15T23:51:01.318+0000] {dagbag.py:536} INFO - Filling up the DagBag from /opt/airflow/dags/Airflow DAG.py
[2025-02-15T23:51:01.348+0000] {processor.py:839} INFO - DAG(s) dict_keys(['my_first_dag']) retrieved from /opt/airflow/dags/Airflow DAG.py
[2025-02-15T23:51:01.392+0000] {logging_mixin.py:154} INFO - [2025-02-15T23:51:01.392+0000] {dag.py:2941} INFO - Sync 1 DAGs
[2025-02-15T23:51:01.407+0000] {logging_mixin.py:154} INFO - [2025-02-15T23:51:01.406+0000] {dag.py:3722} INFO - Setting next_dagrun for my_first_dag to 2024-02-15T00:00:00+00:00, run_after=2024-02-16T00:00:00+00:00
[2025-02-15T23:51:01.417+0000] {processor.py:179} INFO - Processing /opt/airflow/dags/Airflow DAG.py took 0.107 seconds
[2025-02-15T23:51:31.799+0000] {processor.py:157} INFO - Started process (PID=1171) to work on /opt/airflow/dags/Airflow DAG.py
[2025-02-15T23:51:31.800+0000] {processor.py:829} INFO - Processing file /opt/airflow/dags/Airflow DAG.py for tasks to queue
[2025-02-15T23:51:31.801+0000] {logging_mixin.py:154} INFO - [2025-02-15T23:51:31.800+0000] {dagbag.py:536} INFO - Filling up the DagBag from /opt/airflow/dags/Airflow DAG.py
[2025-02-15T23:51:31.813+0000] {processor.py:839} INFO - DAG(s) dict_keys(['my_first_dag']) retrieved from /opt/airflow/dags/Airflow DAG.py
[2025-02-15T23:51:31.840+0000] {logging_mixin.py:154} INFO - [2025-02-15T23:51:31.840+0000] {dag.py:2941} INFO - Sync 1 DAGs
[2025-02-15T23:51:31.854+0000] {logging_mixin.py:154} INFO - [2025-02-15T23:51:31.854+0000] {dag.py:3722} INFO - Setting next_dagrun for my_first_dag to 2024-02-15T00:00:00+00:00, run_after=2024-02-16T00:00:00+00:00
[2025-02-15T23:51:31.865+0000] {processor.py:179} INFO - Processing /opt/airflow/dags/Airflow DAG.py took 0.072 seconds
